> Task :compileJava UP-TO-DATE
> Task :processResources UP-TO-DATE
> Task :classes UP-TO-DATE
> Task :resolveMainClassName

> Task :bootRun

  .   ____          _            __ _ _
 /\\ / ___'_ __ _ _(_)_ __  __ _ \ \ \ \
( ( )\___ | '_ | '_| | '_ \/ _` | \ \ \ \
 \\/  ___)| |_)| | | | | || (_| |  ) ) ) )
  '  |____| .__|_| |_|_| |_\__, | / / / /
 =========|_|==============|___/=/_/_/_/

 :: Spring Boot ::                (v4.1.0)

2026-07-01T14:43:33.333+07:00  INFO 56136 --- [auth-service] [           main] [                                                 ] com.dcc.authservice.AuthApplication      : Starting AuthApplication using Java 21.0.11 with PID 56136 (D:\Services\project personal\auth\build\classes\java\main started by srun.veng in D:\Services\project personal\auth)
2026-07-01T14:43:33.340+07:00  INFO 56136 --- [auth-service] [           main] [                                                 ] com.dcc.authservice.AuthApplication      : No active profile set, falling back to 1 default profile: "default"
2026-07-01T14:43:35.946+07:00  INFO 56136 --- [auth-service] [           main] [                                                 ] o.s.boot.tomcat.TomcatWebServer          : Tomcat initialized with port 9000 (http)
2026-07-01T14:43:35.973+07:00  INFO 56136 --- [auth-service] [           main] [                                                 ] o.apache.catalina.core.StandardService   : Starting service [Tomcat]
2026-07-01T14:43:35.974+07:00  INFO 56136 --- [auth-service] [           main] [                                                 ] o.apache.catalina.core.StandardEngine    : Starting Servlet engine: [Apache Tomcat/11.0.22]
2026-07-01T14:43:36.116+07:00  INFO 56136 --- [auth-service] [           main] [                                                 ] b.w.c.s.WebApplicationContextInitializer : Root WebApplicationContext: initialization completed in 2693 ms
2026-07-01T14:43:42.516+07:00  INFO 56136 --- [auth-service] [           main] [                                                 ] o.s.boot.tomcat.TomcatWebServer          : Tomcat started on port 9000 (http) with context path '/'
2026-07-01T14:43:42.538+07:00  INFO 56136 --- [auth-service] [           main] [                                                 ] com.dcc.authservice.AuthApplication      : Started AuthApplication in 10.212 seconds (process running for 11.283)
2026-07-01T14:43:42.546+07:00  INFO 56136 --- [auth-service] [           main] [                                                 ] c.d.sdkcentral.config.ApplicationConfig  : auth-service is ready
2026-07-01T14:43:46.198+07:00  INFO 56136 --- [auth-service] [nio-9000-exec-3] [                                                 ] o.a.c.c.C.[Tomcat].[localhost].[/]       : Initializing Spring DispatcherServlet 'dispatcherServlet'
2026-07-01T14:43:46.198+07:00  INFO 56136 --- [auth-service] [nio-9000-exec-3] [                                                 ] o.s.web.servlet.DispatcherServlet        : Initializing Servlet 'dispatcherServlet'
2026-07-01T14:43:46.200+07:00  INFO 56136 --- [auth-service] [nio-9000-exec-3] [                                                 ] o.s.web.servlet.DispatcherServlet        : Completed initialization in 2 ms
2026-07-01T14:43:46.654+07:00  INFO 56136 --- [auth-service] [nio-9000-exec-3] [b168309390a7afd2911ae188d48ef55b-04a49b7edb45dee6] c.d.s.config.RequestLoggingFilter        : Incoming Request: POST /auth/login Body: {"user_name":"john","password":"asd"}
2026-07-01T14:43:46.655+07:00  INFO 56136 --- [auth-service] [nio-9000-exec-3] [b168309390a7afd2911ae188d48ef55b-04a49b7edb45dee6] c.d.s.config.RequestLoggingFilter        : Outgoing Response: POST /auth/login Body: {"trace_id":"b168309390a7afd2911ae188d48ef55b","message":"Sorry, an unexpected error has occurred. Please try again.","error_code":"500","message_type":"ERROR","source":"auth-service","dev_error_code":"500","dev_message":"Sorry, an unexpected error has occurred. Please try again.","data":null,"status":"500 INTERNAL_SERVER_ERROR"}
2026-07-01T14:44:57.337+07:00  INFO 56136 --- [auth-service] [nio-9000-exec-4] [9fef9a04fa382428fafcd55ef943ff64-da13839c154f6e65] c.d.s.config.RequestLoggingFilter        : Incoming Request: POST /auth/login Body: {"user_name":"john","password":"asd"}
2026-07-01T14:44:57.338+07:00  INFO 56136 --- [auth-service] [nio-9000-exec-4] [9fef9a04fa382428fafcd55ef943ff64-da13839c154f6e65] c.d.s.config.RequestLoggingFilter        : Outgoing Response: POST /auth/login Body: {"trace_id":"9fef9a04fa382428fafcd55ef943ff64","message":"Sorry, an unexpected error has occurred. Please try again.","error_code":"500","message_type":"ERROR","source":"auth-service","dev_error_code":"500","dev_message":"Sorry, an unexpected error has occurred. Please try again.","data":null,"status":"500 INTERNAL_SERVER_ERROR"}
2026-07-01T14:44:57.809+07:00  INFO 56136 --- [auth-service] [nio-9000-exec-1] [68c4cb767ff3f329658e402156a47c15-c255773ffe993c92] c.d.s.config.RequestLoggingFilter        : Incoming Request: POST /auth/login Body: {"username":"john","password":"asd"}
2026-07-01T14:44:57.810+07:00  INFO 56136 --- [auth-service] [nio-9000-exec-1] [68c4cb767ff3f329658e402156a47c15-c255773ffe993c92] c.d.s.config.RequestLoggingFilter        : Outgoing Response: POST /auth/login Body: {"trace_id":"68c4cb767ff3f329658e402156a47c15","message":"Sorry, an unexpected error has occurred. Please try again.","error_code":"500","message_type":"ERROR","source":"auth-service","dev_error_code":"500","dev_message":"Sorry, an unexpected error has occurred. Please try again.","data":null,"status":"500 INTERNAL_SERVER_ERROR"}
2026-07-01T14:44:58.298+07:00  INFO 56136 --- [auth-service] [nio-9000-exec-2] [ccdb51b5273033a0c904c6314fe58ae7-f36e6a0d9184c229] c.d.s.config.RequestLoggingFilter        : Incoming Request: POST /auth/login Body: {"username":"john","password":"123456"}
2026-07-01T14:44:58.298+07:00  INFO 56136 --- [auth-service] [nio-9000-exec-2] [ccdb51b5273033a0c904c6314fe58ae7-f36e6a0d9184c229] c.d.s.config.RequestLoggingFilter        : Outgoing Response: POST /auth/login Body: {"trace_id":"ccdb51b5273033a0c904c6314fe58ae7","message":"Operation completed successfully.","error_code":"200","message_type":"SUCCESS","source":"auth-service","dev_error_code":"200","dev_message":"Operation completed successfully.","data":{"accessToken":"eyJraWQiOiI4M2NjOTY4Ny1jYTZhLTQ4NzItOGEzYi0yNmJlZWZkMDBjZTQiLCJhbGciOiJSUzI1NiJ9.eyJzdWIiOiIxMDAxIiwicm9sZXMiOlsiVVNFUiJdLCJzY29wZSI6ImFjY291bnQ6cmVhZCBwYXltZW50OmNyZWF0ZSIsImlzcyI6Imh0dHA6Ly9sb2NhbGhvc3Q6OTAwMCIsImV4cCI6MTc4Mjg5NTQ5OCwiaWF0IjoxNzgyODkxODk4LCJ1c2VybmFtZSI6ImpvaG4ifQ.pvLiH6RyfCjkYJvnOycb1bOkwScFOVx9BSc5h6FrT1JV7xAY5KwSMCBZ_xJZ2CTuAIh2bX66hIesIX5G8-i-VkHqJ0l8lv1DbCc5WyhFHyVV1rDfuQV_Sc-kUOudzKgPiuezGrgP7JFJqqnVEL4lnU1E4Qkh7bWEWF3w3CaL-pFTKQfDetWGHmFdDGmZipHdu1OBVv101LIgchXK61qF1FnswqKQWtxzbKhCSCt_1kaXrm6v17Bp7yfQdfznFrrIXTVPA7JwVAR7A2N2OEMLOBi5Je29SY8p1UePneTdAGVr93zRoNQtKgHeTWgIG7i04482UMld0iGcVTbEC8q_bw","tokenType":"Bearer","expiresIn":3600},"status":"200 OK"}
2026-07-01T14:45:26.023+07:00  INFO 56136 --- [auth-service] [nio-9000-exec-6] [caec5442e78d601adfc2010241816ca2-6e1768e294775e14] c.d.s.config.RequestLoggingFilter        : Incoming Request: POST /auth/login Body: {"user_name":"john","password":"asd"}
2026-07-01T14:45:26.023+07:00  INFO 56136 --- [auth-service] [nio-9000-exec-6] [caec5442e78d601adfc2010241816ca2-6e1768e294775e14] c.d.s.config.RequestLoggingFilter        : Outgoing Response: POST /auth/login Body: {"trace_id":"caec5442e78d601adfc2010241816ca2","message":"Sorry, an unexpected error has occurred. Please try again.","error_code":"500","message_type":"ERROR","source":"auth-service","dev_error_code":"500","dev_message":"Sorry, an unexpected error has occurred. Please try again.","data":null,"status":"500 INTERNAL_SERVER_ERROR"}
2026-07-01T14:45:26.804+07:00  INFO 56136 --- [auth-service] [nio-9000-exec-9] [971c909f0fde5894789efd193eb34f66-937f290fb0869831] c.d.s.config.RequestLoggingFilter        : Incoming Request: POST /auth/login Body: {"username":"john","password":"asd"}
2026-07-01T14:45:26.804+07:00  INFO 56136 --- [auth-service] [nio-9000-exec-9] [971c909f0fde5894789efd193eb34f66-937f290fb0869831] c.d.s.config.RequestLoggingFilter        : Outgoing Response: POST /auth/login Body: {"trace_id":"971c909f0fde5894789efd193eb34f66","message":"Sorry, an unexpected error has occurred. Please try again.","error_code":"500","message_type":"ERROR","source":"auth-service","dev_error_code":"500","dev_message":"Sorry, an unexpected error has occurred. Please try again.","data":null,"status":"500 INTERNAL_SERVER_ERROR"}
2026-07-01T14:45:27.135+07:00  INFO 56136 --- [auth-service] [io-9000-exec-10] [ce5d3b7478505cd0e1c030e7c9380327-7268128b8b00fa50] c.d.s.config.RequestLoggingFilter        : Incoming Request: POST /auth/login Body: {"username":"john","password":"123456"}
2026-07-01T14:45:27.136+07:00  INFO 56136 --- [auth-service] [io-9000-exec-10] [ce5d3b7478505cd0e1c030e7c9380327-7268128b8b00fa50] c.d.s.config.RequestLoggingFilter        : Outgoing Response: POST /auth/login Body: {"trace_id":"ce5d3b7478505cd0e1c030e7c9380327","message":"Operation completed successfully.","error_code":"200","message_type":"SUCCESS","source":"auth-service","dev_error_code":"200","dev_message":"Operation completed successfully.","data":{"accessToken":"eyJraWQiOiI4M2NjOTY4Ny1jYTZhLTQ4NzItOGEzYi0yNmJlZWZkMDBjZTQiLCJhbGciOiJSUzI1NiJ9.eyJzdWIiOiIxMDAxIiwicm9sZXMiOlsiVVNFUiJdLCJzY29wZSI6ImFjY291bnQ6cmVhZCBwYXltZW50OmNyZWF0ZSIsImlzcyI6Imh0dHA6Ly9sb2NhbGhvc3Q6OTAwMCIsImV4cCI6MTc4Mjg5NTUyNywiaWF0IjoxNzgyODkxOTI3LCJ1c2VybmFtZSI6ImpvaG4ifQ.KuxiHfC57H8eK-MFS6p0mA43d2TQsBvlKkMee6Qn7TEwuUJ7kQUq5P9XBOhUfc8HneZfsW64bUhgEevDfaSM5T2HFLzbP4pCQRcYHYupGsnGNkwNdWB5deJD_m2GP3Vw53Fo7tbyb-Bbbf_VPI9Llop7XUsaihU-EJso_GXPKhEXsYaFWUzUALZjeEs_IuBtLEicH59zrH69pZxRkRW_XfwLKbQwRndf1qwzoZVeY1pOA_54FAdRHgOm03VvmLZef8H0BpN1s-_thsb23F3TIRoAQqTmDl3StawS00GwRmLvQwL-hrZx5X5zJl9w7-OYtTmuCJ_iFWpC2L1WXyEn3A","tokenType":"Bearer","expiresIn":3600},"status":"200 OK"}
2026-07-01T14:45:34.910+07:00  INFO 56136 --- [auth-service] [nio-9000-exec-8] [238a9ba4db02e6a646756fa10b47f70f-5fe54712839b3baf] c.d.s.config.RequestLoggingFilter        : Incoming Request: POST /auth/login Body: {\
2026-07-01T14:45:34.911+07:00  INFO 56136 --- [auth-service] [nio-9000-exec-8] [238a9ba4db02e6a646756fa10b47f70f-5fe54712839b3baf] c.d.s.config.RequestLoggingFilter        : Outgoing Response: POST /auth/login Body: {"trace_id":"238a9ba4db02e6a646756fa10b47f70f","message":"Sorry, an unexpected error has occurred. Please try again.","error_code":"500","message_type":"ERROR","source":"auth-service","dev_error_code":"500","dev_message":"Sorry, an unexpected error has occurred. Please try again.","data":null,"status":"500 INTERNAL_SERVER_ERROR"}
