Starting a Gradle Daemon, 1 busy and 3 stopped Daemons could not be reused, use --status for details
> Task :compileJava UP-TO-DATE
> Task :processResources UP-TO-DATE
> Task :classes UP-TO-DATE
> Task :resolveMainClassName UP-TO-DATE

> Task :bootRun

  .   ____          _            __ _ _
 /\\ / ___'_ __ _ _(_)_ __  __ _ \ \ \ \
( ( )\___ | '_ | '_| | '_ \/ _` | \ \ \ \
 \\/  ___)| |_)| | | | | || (_| |  ) ) ) )
  '  |____| .__|_| |_|_| |_\__, | / / / /
 =========|_|==============|___/=/_/_/_/

 :: Spring Boot ::                (v4.1.0)

2026-07-01T14:45:06.065+07:00  INFO 12000 --- [auth-service] [           main] [                                                 ] com.dcc.authservice.AuthApplication      : Starting AuthApplication using Java 21.0.11 with PID 12000 (D:\Services\project personal\auth\build\classes\java\main started by srun.veng in D:\Services\project personal\auth)
2026-07-01T14:45:06.077+07:00  INFO 12000 --- [auth-service] [           main] [                                                 ] com.dcc.authservice.AuthApplication      : No active profile set, falling back to 1 default profile: "default"
2026-07-01T14:45:09.170+07:00  INFO 12000 --- [auth-service] [           main] [                                                 ] o.s.boot.tomcat.TomcatWebServer          : Tomcat initialized with port 9000 (http)
2026-07-01T14:45:09.203+07:00  INFO 12000 --- [auth-service] [           main] [                                                 ] o.apache.catalina.core.StandardService   : Starting service [Tomcat]
2026-07-01T14:45:09.204+07:00  INFO 12000 --- [auth-service] [           main] [                                                 ] o.apache.catalina.core.StandardEngine    : Starting Servlet engine: [Apache Tomcat/11.0.22]
2026-07-01T14:45:09.340+07:00  INFO 12000 --- [auth-service] [           main] [                                                 ] b.w.c.s.WebApplicationContextInitializer : Root WebApplicationContext: initialization completed in 3151 ms
2026-07-01T14:45:13.601+07:00  WARN 12000 --- [auth-service] [           main] [                                                 ] ConfigServletWebServerApplicationContext : Exception encountered during context initialization - cancelling refresh attempt: org.springframework.context.ApplicationContextException: Failed to start bean 'webServerStartStop'
2026-07-01T14:45:13.639+07:00  INFO 12000 --- [auth-service] [           main] [                                                 ] .s.b.a.l.ConditionEvaluationReportLogger : 

Error starting ApplicationContext. To display the condition evaluation report re-run your application with 'debug' enabled.
2026-07-01T14:45:13.658+07:00 ERROR 12000 --- [auth-service] [           main] [                                                 ] o.s.b.d.LoggingFailureAnalysisReporter   : 

***************************
APPLICATION FAILED TO START
***************************

Description:

Web server failed to start. Port 9000 was already in use.

Action:

Identify and stop the process that's listening on port 9000 or configure this application to listen on another port.


> Task :bootRun FAILED
4 actionable tasks: 1 executed, 3 up-to-date
